<?xml version="1.0" encoding="UTF-8"?>
<testng-results skipped="0" failed="0" ignored="0" total="1" passed="1">
  <reporter-output>
  </reporter-output>
  <suite name="Default suite" duration-ms="67848" started-at="2021-03-25T10:06:52 IST" finished-at="2021-03-25T10:08:00 IST">
    <groups>
    </groups>
    <test name="Default test" duration-ms="67848" started-at="2021-03-25T10:06:52 IST" finished-at="2021-03-25T10:08:00 IST">
      <class name="pageClasses.LogInPage">
        <test-method status="PASS" signature="LogIn()[pri:0, instance:pageClasses.LogInPage@16eabae]" name="LogIn" duration-ms="67641" started-at="2021-03-25T10:06:52 IST" finished-at="2021-03-25T10:08:00 IST">
          <reporter-output>
          </reporter-output>
        </test-method> <!-- LogIn -->
      </class> <!-- pageClasses.LogInPage -->
    </test> <!-- Default test -->
  </suite> <!-- Default suite -->
</testng-results>
